<?xml version="1.0" encoding="UTF-8"?>
<!-- Generated by org.testng.reporters.JUnitXMLReporter -->
<testsuite ignored="0" hostname="LAPTOP-VIVBKSLH" failures="0" tests="1" name="Default test" time="13.657" errors="0" timestamp="2020-05-29T16:12:14 GMT-04:00">
  <testcase classname="E2ETestCase.S3CloudFront" name="@BeforeTest prerequisites" time="13.595">
    <failure type="org.openqa.selenium.SessionNotCreatedException" message="session not created
from chrome not reachable
  (Session info: chrome=83.0.4103.61)
Build info: version: &amp;apos;3.141.59&amp;apos;, revision: &amp;apos;e82be7d358&amp;apos;, time: &amp;apos;2018-11-14T08:25:48&amp;apos;
System info: host: &amp;apos;LAPTOP-VIVBKSLH&amp;apos;, ip: &amp;apos;192.168.0.245&amp;apos;, os.name: &amp;apos;Windows 10&amp;apos;, os.arch: &amp;apos;amd64&amp;apos;, os.version: &amp;apos;10.0&amp;apos;, java.version: &amp;apos;11.0.7&amp;apos;
Driver info: driver.version: ChromeDriver
remote stacktrace: Backtrace:
	Ordinal0 [0x005A9563+2725219]
	Ordinal0 [0x004A8551+1672529]
	Ordinal0 [0x00390202+524802]
	Ordinal0 [0x003899B2+498098]
	Ordinal0 [0x0038A09B+499867]
	Ordinal0 [0x0038AFF5+503797]
	Ordinal0 [0x00386994+485780]
	Ordinal0 [0x00390FF0+528368]
	Ordinal0 [0x0033D6C9+186057]
	Ordinal0 [0x0033CA3D+182845]
	Ordinal0 [0x0033A94B+174411]
	Ordinal0 [0x00322528+75048]
	Ordinal0 [0x003235A0+79264]
	Ordinal0 [0x00323539+79161]
	Ordinal0 [0x004BD607+1758727]
	GetHandleVerifier [0x006C6546+1050150]
	GetHandleVerifier [0x006C6291+1049457]
	GetHandleVerifier [0x006D10D7+1094071]
	GetHandleVerifier [0x006C6B46+1051686]
	Ordinal0 [0x004B5B06+1727238]
	Ordinal0 [0x004BEB7B+1764219]
	Ordinal0 [0x004BECE3+1764579]
	Ordinal0 [0x004D4C05+1854469]
	BaseThreadInitThunk [0x750D6359+25]
	RtlGetAppContainerNamedObjectPath [0x771C7C24+228]
	RtlGetAppContainerNamedObjectPath [0x771C7BF4+180]
">
      <![CDATA[org.openqa.selenium.SessionNotCreatedException: session not created
from chrome not reachable
  (Session info: chrome=83.0.4103.61)
Build info: version: '3.141.59', revision: 'e82be7d358', time: '2018-11-14T08:25:48'
System info: host: 'LAPTOP-VIVBKSLH', ip: '192.168.0.245', os.name: 'Windows 10', os.arch: 'amd64', os.version: '10.0', java.version: '11.0.7'
Driver info: driver.version: ChromeDriver
remote stacktrace: Backtrace:
Ordinal0 [0x005A9563+2725219]
Ordinal0 [0x004A8551+1672529]
Ordinal0 [0x00390202+524802]
Ordinal0 [0x003899B2+498098]
Ordinal0 [0x0038A09B+499867]
Ordinal0 [0x0038AFF5+503797]
Ordinal0 [0x00386994+485780]
Ordinal0 [0x00390FF0+528368]
Ordinal0 [0x0033D6C9+186057]
Ordinal0 [0x0033CA3D+182845]
Ordinal0 [0x0033A94B+174411]
Ordinal0 [0x00322528+75048]
Ordinal0 [0x003235A0+79264]
Ordinal0 [0x00323539+79161]
Ordinal0 [0x004BD607+1758727]
GetHandleVerifier [0x006C6546+1050150]
GetHandleVerifier [0x006C6291+1049457]
GetHandleVerifier [0x006D10D7+1094071]
GetHandleVerifier [0x006C6B46+1051686]
Ordinal0 [0x004B5B06+1727238]
Ordinal0 [0x004BEB7B+1764219]
Ordinal0 [0x004BECE3+1764579]
Ordinal0 [0x004D4C05+1854469]
BaseThreadInitThunk [0x750D6359+25]
RtlGetAppContainerNamedObjectPath [0x771C7C24+228]
RtlGetAppContainerNamedObjectPath [0x771C7BF4+180]

at java.base/jdk.internal.reflect.NativeConstructorAccessorImpl.newInstance0(Native Method)
at java.base/jdk.internal.reflect.NativeConstructorAccessorImpl.newInstance(NativeConstructorAccessorImpl.java:62)
at java.base/jdk.internal.reflect.DelegatingConstructorAccessorImpl.newInstance(DelegatingConstructorAccessorImpl.java:45)
at java.base/java.lang.reflect.Constructor.newInstance(Constructor.java:490)
at org.openqa.selenium.remote.W3CHandshakeResponse.lambda$errorHandler$0(W3CHandshakeResponse.java:62)
at org.openqa.selenium.remote.HandshakeResponse.lambda$getResponseFunction$0(HandshakeResponse.java:30)
at org.openqa.selenium.remote.ProtocolHandshake.lambda$createSession$0(ProtocolHandshake.java:126)
at java.base/java.util.stream.ReferencePipeline$3$1.accept(ReferencePipeline.java:195)
at java.base/java.util.Spliterators$ArraySpliterator.tryAdvance(Spliterators.java:958)
at java.base/java.util.stream.ReferencePipeline.forEachWithCancel(ReferencePipeline.java:127)
at java.base/java.util.stream.AbstractPipeline.copyIntoWithCancel(AbstractPipeline.java:502)
at java.base/java.util.stream.AbstractPipeline.copyInto(AbstractPipeline.java:488)
at java.base/java.util.stream.AbstractPipeline.wrapAndCopyInto(AbstractPipeline.java:474)
at java.base/java.util.stream.FindOps$FindOp.evaluateSequential(FindOps.java:150)
at java.base/java.util.stream.AbstractPipeline.evaluate(AbstractPipeline.java:234)
at java.base/java.util.stream.ReferencePipeline.findFirst(ReferencePipeline.java:543)
at org.openqa.selenium.remote.ProtocolHandshake.createSession(ProtocolHandshake.java:128)
at org.openqa.selenium.remote.ProtocolHandshake.createSession(ProtocolHandshake.java:74)
at org.openqa.selenium.remote.HttpCommandExecutor.execute(HttpCommandExecutor.java:136)
at org.openqa.selenium.remote.service.DriverCommandExecutor.execute(DriverCommandExecutor.java:83)
at org.openqa.selenium.remote.RemoteWebDriver.execute(RemoteWebDriver.java:552)
at org.openqa.selenium.remote.RemoteWebDriver.startSession(RemoteWebDriver.java:213)
at org.openqa.selenium.remote.RemoteWebDriver.<init>(RemoteWebDriver.java:131)
at org.openqa.selenium.chrome.ChromeDriver.<init>(ChromeDriver.java:181)
at org.openqa.selenium.chrome.ChromeDriver.<init>(ChromeDriver.java:168)
at org.openqa.selenium.chrome.ChromeDriver.<init>(ChromeDriver.java:123)
at Resources.Base.intializeDriver(Base.java:32)
at Resources.Base.login(Base.java:54)
at E2ETestCase.S3CloudFront.prerequisites(S3CloudFront.java:34)
at java.base/jdk.internal.reflect.NativeMethodAccessorImpl.invoke0(Native Method)
at java.base/jdk.internal.reflect.NativeMethodAccessorImpl.invoke(NativeMethodAccessorImpl.java:62)
at java.base/jdk.internal.reflect.DelegatingMethodAccessorImpl.invoke(DelegatingMethodAccessorImpl.java:43)
at java.base/java.lang.reflect.Method.invoke(Method.java:566)
at org.testng.internal.MethodInvocationHelper.invokeMethod(MethodInvocationHelper.java:134)
at org.testng.internal.MethodInvocationHelper.invokeMethodConsideringTimeout(MethodInvocationHelper.java:63)
at org.testng.internal.ConfigInvoker.invokeConfigurationMethod(ConfigInvoker.java:348)
at org.testng.internal.ConfigInvoker.invokeConfigurations(ConfigInvoker.java:302)
at org.testng.TestRunner.invokeTestConfigurations(TestRunner.java:619)
at org.testng.TestRunner.beforeRun(TestRunner.java:609)
at org.testng.TestRunner.run(TestRunner.java:580)
at org.testng.SuiteRunner.runTest(SuiteRunner.java:384)
at org.testng.SuiteRunner.runSequentially(SuiteRunner.java:378)
at org.testng.SuiteRunner.privateRun(SuiteRunner.java:337)
at org.testng.SuiteRunner.run(SuiteRunner.java:286)
at org.testng.SuiteRunnerWorker.runSuite(SuiteRunnerWorker.java:53)
at org.testng.SuiteRunnerWorker.run(SuiteRunnerWorker.java:96)
at org.testng.TestNG.runSuitesSequentially(TestNG.java:1187)
at org.testng.TestNG.runSuitesLocally(TestNG.java:1109)
at org.testng.TestNG.runSuites(TestNG.java:1039)
at org.testng.TestNG.run(TestNG.java:1007)
at org.testng.remote.AbstractRemoteTestNG.run(AbstractRemoteTestNG.java:115)
at org.testng.remote.RemoteTestNG.initAndRun(RemoteTestNG.java:251)
at org.testng.remote.RemoteTestNG.main(RemoteTestNG.java:77)
]]>
    </failure>
  </testcase> <!-- @BeforeTest prerequisites -->
  <testcase classname="E2ETestCase.S3CloudFront" name="@AfterTest teardown" time="-1.590783134579E9">
    <skipped/>
  </testcase> <!-- @AfterTest teardown -->
  <testcase classname="E2ETestCase.S3CloudFront" name="S3Bucket_Creation" time="0.0">
    <skipped/>
  </testcase> <!-- S3Bucket_Creation -->
</testsuite> <!-- Default test -->
